Time: 2016-06-03 09:29:03
Health check
###OK###

Cumulative Selected Stats
	2-Room Flexi (Short Lease/99-Year Lease): 165/192 (85.94%) selected
	3-Room: 470/567 (82.89%) selected
	4-Room: 974/1229 (79.25%) selected
	5-Room: 151/151 (100.00%) selected

Per Block Selected Stats
	101A
	2-Room Flexi (Short Lease/99-Year Lease): 73/86 (84.88%) selected
	3-Room: 83/91 (91.21%) selected
	4-Room: 109/118 (92.37%) selected

	102A
	2-Room Flexi (Short Lease/99-Year Lease): 58/66 (87.88%) selected
	4-Room: 122/139 (87.77%) selected

	102B
	3-Room: 44/52 (84.62%) selected
	4-Room: 104/148 (70.27%) selected

	103A
	3-Room: 48/56 (85.71%) selected
	4-Room: 50/60 (83.33%) selected

	103B
	3-Room: 56/76 (73.68%) selected
	4-Room: 48/76 (63.16%) selected

	104A
	2-Room Flexi (Short Lease/99-Year Lease): 34/40 (85.00%) selected
	3-Room: 72/94 (76.60%) selected
	4-Room: 132/156 (84.62%) selected

	105A
	4-Room: 26/28 (92.86%) selected
	5-Room: 36/36 (100.00%) selected

	105B
	4-Room: 54/54 (100.00%) selected
	5-Room: 38/38 (100.00%) selected

	106A
	4-Room: 61/62 (98.39%) selected
	5-Room: 45/45 (100.00%) selected

	106B
	4-Room: 55/55 (100.00%) selected
	5-Room: 32/32 (100.00%) selected

	115A
	3-Room: 43/48 (89.58%) selected
	4-Room: 41/48 (85.42%) selected

	115C
	3-Room: 47/48 (97.92%) selected
	4-Room: 47/48 (97.92%) selected

	118A
	3-Room: 77/102 (75.49%) selected
	4-Room: 125/237 (52.74%) selected

