Time: 2016-07-21 10:30:19
Health check
###OK###

Cumulative Selected Stats
	2-Room Flexi (Short Lease/99-Year Lease): 26/218 (11.93%) selected
	3-Room: 14/340 (4.12%) selected
	4-Room: 34/800 (4.25%) selected
	5-Room: 21/236 (8.90%) selected

Per Block Selected Stats
	107A
	3-Room: 1/78 (1.28%) selected
	4-Room: 0/52 (0.00%) selected
	5-Room: 0/15 (0.00%) selected

	107B
	4-Room: 0/30 (0.00%) selected
	5-Room: 1/48 (2.08%) selected

	108A
	3-Room: 0/96 (0.00%) selected
	4-Room: 1/60 (1.67%) selected

	108B
	4-Room: 2/32 (6.25%) selected
	5-Room: 1/30 (3.33%) selected

	109A
	4-Room: 1/32 (3.12%) selected
	5-Room: 9/30 (30.00%) selected

	109B
	4-Room: 0/32 (0.00%) selected
	5-Room: 8/30 (26.67%) selected

	110A
	4-Room: 6/97 (6.19%) selected
	5-Room: 2/43 (4.65%) selected

	110B
	4-Room: 4/92 (4.35%) selected
	5-Room: 0/40 (0.00%) selected

	111A
	2-Room Flexi (Short Lease/99-Year Lease): 3/46 (6.52%) selected
	4-Room: 1/53 (1.89%) selected

	111B
	2-Room Flexi (Short Lease/99-Year Lease): 5/77 (6.49%) selected
	4-Room: 2/37 (5.41%) selected

	112A
	2-Room Flexi (Short Lease/99-Year Lease): 13/75 (17.33%) selected
	4-Room: 2/37 (5.41%) selected

	112B
	3-Room: 2/15 (13.33%) selected
	4-Room: 3/75 (4.00%) selected

	113A
	3-Room: 3/13 (23.08%) selected
	4-Room: 3/72 (4.17%) selected

	113B
	3-Room: 3/43 (6.98%) selected
	4-Room: 3/25 (12.00%) selected

	114A
	2-Room Flexi (Short Lease/99-Year Lease): 3/10 (30.00%) selected
	3-Room: 4/49 (8.16%) selected
	4-Room: 2/37 (5.41%) selected

	114B
	2-Room Flexi (Short Lease/99-Year Lease): 2/10 (20.00%) selected
	3-Room: 1/46 (2.17%) selected
	4-Room: 4/37 (10.81%) selected

